[19:35:30] [ServerMain/INFO]: [bootstrap] Running Java 21 (OpenJDK 64-Bit Server VM 21.0.8+9; Arch Linux null) on Linux 6.16.5-arch1-1 (amd64)
[19:35:30] [ServerMain/INFO]: [bootstrap] Loading Paper 1.21.8-60-main@29c8822 (2025-09-06T21:49:13Z) for Minecraft 1.21.8
[19:35:30] [ServerMain/INFO]: [PluginInitializerManager] Initializing plugins...
[19:35:30] [ServerMain/INFO]: [PluginInitializerManager] Initialized 2 plugins
[19:35:30] [ServerMain/INFO]: [PluginInitializerManager] Bukkit plugins (2):
 - FastAsyncWorldEdit (2.13.2-SNAPSHOT-1161;cf26bd7), Woolbattle (1.0)
[19:35:32] [ServerMain/INFO]: Environment: Environment[sessionHost=https://sessionserver.mojang.com, servicesHost=https://api.minecraftservices.com, name=PROD]
[19:35:32] [ServerMain/INFO]: [ca.spottedleaf.dataconverter.minecraft.datatypes.MCTypeRegistry] Initialising converters for DataConverter...
[19:35:33] [ServerMain/INFO]: [ca.spottedleaf.dataconverter.minecraft.datatypes.MCTypeRegistry] Finished initialising converters for DataConverter in 181.6ms
[19:35:33] [ServerMain/WARN]: Missing data pack fabric
[19:35:33] [ServerMain/WARN]: Missing data pack fabric-convention-tags-v2
[19:35:33] [ServerMain/INFO]: Found new data pack file/bukkit, loading it automatically
[19:35:33] [ServerMain/INFO]: Found new data pack paper, loading it automatically
[19:35:33] [ServerMain/INFO]: Loaded 1407 recipes
[19:35:33] [ServerMain/INFO]: Loaded 1520 advancements
[19:35:33] [Server thread/INFO]: Starting minecraft server version 1.21.8
[19:35:33] [Server thread/INFO]: Loading properties
[19:35:33] [Server thread/INFO]: This server is running Paper version 1.21.8-60-main@29c8822 (2025-09-06T21:49:13Z) (Implementing API version 1.21.8-R0.1-SNAPSHOT)
[19:35:33] [Server thread/INFO]: [spark] This server bundles the spark profiler. For more information please visit https://docs.papermc.io/paper/profiling
[19:35:33] [Server thread/INFO]: Server Ping Player Sample Count: 12
[19:35:33] [Server thread/INFO]: Using 4 threads for Netty based IO
[19:35:34] [Server thread/INFO]: [MoonriseCommon] Paper is using 2 worker threads, 1 I/O threads
[19:35:34] [Server thread/INFO]: [ChunkTaskScheduler] Chunk system is using population gen parallelism: true
[19:35:34] [Server thread/INFO]: Default game type: SURVIVAL
[19:35:34] [Server thread/INFO]: Generating keypair
[19:35:34] [Server thread/INFO]: Starting Minecraft server on *:25565
[19:35:34] [Server thread/INFO]: Using epoll channel type
[19:35:34] [Server thread/INFO]: Paper: Using libdeflate (Linux x86_64) compression from Velocity.
[19:35:34] [Server thread/INFO]: Paper: Using OpenSSL 3.x.x (Linux x86_64) cipher from Velocity.
[19:35:34] [Server thread/INFO]: [FastAsyncWorldEdit] Loading server plugin FastAsyncWorldEdit v2.13.2-SNAPSHOT-1161;cf26bd7
[19:35:34] [Server thread/INFO]: Got request to register class com.sk89q.worldedit.bukkit.BukkitServerInterface with WorldEdit [com.sk89q.worldedit.extension.platform.PlatformManager@640c023f]
[19:35:34] [Server thread/INFO]: [Woolbattle] Loading server plugin Woolbattle v1.0
[19:35:34] [Server thread/INFO]: Server permissions file permissions.yml is empty, ignoring it
[19:35:34] [Server thread/INFO]: [FastAsyncWorldEdit] Enabling FastAsyncWorldEdit v2.13.2-SNAPSHOT-1161;cf26bd7
[19:35:35] [Server thread/INFO]: [com.fastasyncworldedit.core.Fawe] LZ4 Compression Binding loaded successfully
[19:35:35] [Server thread/INFO]: [com.fastasyncworldedit.core.Fawe] ZSTD Compression Binding loaded successfully
[19:35:35] [Server thread/INFO]: Registering commands with com.sk89q.worldedit.bukkit.BukkitServerInterface
[19:35:35] [Server thread/INFO]: WEPIF: Using the Bukkit Permissions API.
[19:35:35] [Server thread/INFO]: Using com.sk89q.worldedit.bukkit.adapter.impl.fawe.v1_21_6.PaperweightFaweAdapter as the Bukkit adapter
[19:35:35] [Server thread/INFO]: Preparing level "world"
[19:35:35] [Server thread/INFO]: Preparing start region for dimension minecraft:overworld
[19:35:35] [ForkJoinPool.commonPool-worker-1/WARN]: [com.fastasyncworldedit.core.util.UpdateNotification] An update for FastAsyncWorldEdit is available. You are 8 build(s) out of date.
You are running build 1161, the latest version is build 1169.
Update at https://ci.athion.net/job/FastAsyncWorldEdit
[19:35:35] [Server thread/INFO]: Preparing spawn area: 0%
[19:35:35] [Server thread/INFO]: Time elapsed: 113 ms
[19:35:35] [Server thread/INFO]: [Woolbattle] Enabling Woolbattle v1.0
[19:35:35] [Server thread/INFO]: [Woolbattle] Found 5 schematic files
[19:35:35] [Server thread/INFO]: [Woolbattle] [STDOUT] [Woolbattle] - Game1 (Game1.schem) Material: DIAMOND_BLOCK
[19:35:35] [Server thread/WARN]: Nag author(s): '[N4med, Elix]' of 'Woolbattle v1.0' about their usage of System.out/err.print. Please use your plugin's logger instead (JavaPlugin#getLogger).
[19:35:35] [Server thread/INFO]: [Woolbattle] [STDOUT] [Woolbattle] - Lobby1 (Lobby1.schem) Material: EMERALD_BLOCK
[19:35:35] [Server thread/INFO]: [Woolbattle] [STDOUT] [Woolbattle] - microwave V1 (microwave_V1.schem) Material: GRASS_BLOCK
[19:35:35] [Server thread/INFO]: [Woolbattle] [STDOUT] [Woolbattle] - Pillars V2 (Pillars_V2.schem) Material: GRASS_BLOCK
[19:35:35] [Server thread/INFO]: [Woolbattle] [STDOUT] [Woolbattle] - WB training (WB_training.schem) Material: GRASS_BLOCK
[19:35:35] [Server thread/INFO]: [Woolbattle] Number of processors: 8
[19:35:35] [Server thread/INFO]: [Woolbattle] Physical memory: 31183 MB
[19:35:35] [Server thread/INFO]: [Woolbattle] Maximum heap: 7796 MB
[19:35:35] [Server thread/INFO]: [Woolbattle] server.properties view-distance: 10
[19:35:35] [Server thread/INFO]: [Woolbattle] Command line options: 
[19:35:35] [Server thread/INFO]: [Woolbattle]   -Ddebugger.agent.enable.coroutines=true
[19:35:35] [Server thread/INFO]: [Woolbattle]   -Ddisable.watchdog=true
[19:35:35] [Server thread/INFO]: [Woolbattle]   -Dkotlinx.coroutines.debug.enable.creation.stack.trace=false
[19:35:35] [Server thread/INFO]: [Woolbattle]   -Dkotlinx.coroutines.debug.enable.flows.stack.trace=true
[19:35:35] [Server thread/INFO]: [Woolbattle]   -Dkotlinx.coroutines.debug.enable.mutable.state.flows.stack.trace=true
[19:35:35] [Server thread/INFO]: [Woolbattle]   -Dnet.kyori.adventure.text.warnWhenLegacyFormattingDetected=true
[19:35:35] [Server thread/INFO]: [Woolbattle]   -Dxyz.jpenilla.run-task=true
[19:35:35] [Server thread/INFO]: [Woolbattle]   -agentlib:jdwp=transport=dt_socket,server=n,suspend=y,address=127.0.0.1:38643
[19:35:35] [Server thread/INFO]: [Woolbattle]   -javaagent:/opt/intellij-idea-ultimate-edition/plugins/java/lib/rt/debugger-agent.jar=file:///tmp/capture9716778288363823507.props
[19:35:35] [Server thread/INFO]: [Woolbattle]   -Dfile.encoding=UTF-8
[19:35:35] [Server thread/INFO]: [Woolbattle]   -Duser.country=US
[19:35:35] [Server thread/INFO]: [Woolbattle]   -Duser.language=en
[19:35:35] [Server thread/INFO]: [Woolbattle]   -Duser.variant
[19:35:35] [Server thread/INFO]: [Woolbattle] 
 __          __         _             
 \ \        / /        | |            
  \ \  /\  / /__   ___ | |            
   \ \/  \/ / _ \ / _ \| |            
    \  /\  / (_) | (_) | |            
     \/  \/_\___/ \___/|_| _   _      
          | |         | | | | | |     
          | |__   __ _| |_| |_| | ___ 
          | '_ \ / _` | __| __| |/ _ \
          | |_) | (_| | |_| |_| |  __/
          |_.__/ \__,_|\__|\__|_|\___|
                                      

[19:35:35] [Server thread/INFO]: [Woolbattle] Loading schematic: Lobby1.schem at 0.0, 60.0, 0.0
[19:35:35] [Server thread/INFO]: Using com.sk89q.worldedit.bukkit.adapter.impl.fawe.v1_21_6.PaperweightStarlightRelighterFactory as relighter factory.
[19:35:36] [Server thread/INFO]: [Woolbattle] Team spawns configured:
[19:35:36] [Server thread/INFO]: [Woolbattle]   - Red Team: -1.5, 60.0, -0.5
[19:35:36] [Server thread/INFO]: [Woolbattle]   - Blue Team: -1.5, 60.0, -0.5
[19:35:36] [Server thread/INFO]: [Woolbattle] Map selected: Game1.schem
[19:35:36] [Server thread/INFO]: [org.mongodb.driver.client] MongoClient with metadata {"driver": {"name": "mongo-java-driver|reactive-streams", "version": "4.8.2"}, "os": {"type": "Linux", "name": "Linux", "architecture": "amd64", "version": "6.16.5-arch1-1"}, "platform": "Java/Arch Linux/21.0.8+9"} created with settings MongoClientSettings{readPreference=primary, writeConcern=WriteConcern{w=null, wTimeout=null ms, journal=null}, retryWrites=true, retryReads=true, readConcern=ReadConcern{level=null}, credential=null, streamFactoryFactory=null, commandListeners=[], codecRegistry=ProvidersCodecRegistry{codecProviders=[ValueCodecProvider{}, BsonValueCodecProvider{}, DBRefCodecProvider{}, DBObjectCodecProvider{}, DocumentCodecProvider{}, CollectionCodecProvider{}, IterableCodecProvider{}, MapCodecProvider{}, GeoJsonCodecProvider{}, GridFSFileCodecProvider{}, Jsr310CodecProvider{}, JsonObjectCodecProvider{}, BsonCodecProvider{}, EnumCodecProvider{}, com.mongodb.Jep395RecordCodecProvider@4eed710f]}, clusterSettings={hosts=[localhost:27017], srvServiceName=mongodb, mode=SINGLE, requiredClusterType=UNKNOWN, requiredReplicaSetName='null', serverSelector='null', clusterListeners='[]', serverSelectionTimeout='30000 ms', localThreshold='30000 ms'}, socketSettings=SocketSettings{connectTimeoutMS=10000, readTimeoutMS=0, receiveBufferSize=0, sendBufferSize=0}, heartbeatSocketSettings=SocketSettings{connectTimeoutMS=10000, readTimeoutMS=10000, receiveBufferSize=0, sendBufferSize=0}, connectionPoolSettings=ConnectionPoolSettings{maxSize=100, minSize=0, maxWaitTimeMS=120000, maxConnectionLifeTimeMS=0, maxConnectionIdleTimeMS=0, maintenanceInitialDelayMS=0, maintenanceFrequencyMS=60000, connectionPoolListeners=[], maxConnecting=2}, serverSettings=ServerSettings{heartbeatFrequencyMS=10000, minHeartbeatFrequencyMS=500, serverListeners='[]', serverMonitorListeners='[]'}, sslSettings=SslSettings{enabled=false, invalidHostNameAllowed=false, context=null}, applicationName='null', compressorList=[], uuidRepresentation=UNSPECIFIED, serverApi=null, autoEncryptionSettings=null, contextProvider=null}
[19:35:36] [cluster-ClusterId{value='68c065680e1f1b0176c0f1e3', description='null'}-localhost:27017/INFO]: [org.mongodb.driver.cluster] Exception in monitor thread while connecting to server localhost:27017
com.mongodb.MongoSocketOpenException: Exception opening socket
	at Woolbattle-1.0-all.jar/com.mongodb.internal.connection.AsynchronousSocketChannelStream$OpenCompletionHandler.failed(AsynchronousSocketChannelStream.java:127) ~[Woolbattle-1.0-all.jar:?]
	at java.base/sun.nio.ch.Invoker.invokeUnchecked(Invoker.java:131) ~[?:?]
	at java.base/sun.nio.ch.UnixAsynchronousSocketChannelImpl.finishConnect(UnixAsynchronousSocketChannelImpl.java:287) ~[?:?]
	at java.base/sun.nio.ch.UnixAsynchronousSocketChannelImpl.finish(UnixAsynchronousSocketChannelImpl.java:202) ~[?:?]
	at java.base/sun.nio.ch.UnixAsynchronousSocketChannelImpl.onEvent(UnixAsynchronousSocketChannelImpl.java:217) ~[?:?]
	at java.base/sun.nio.ch.EPollPort$EventHandlerTask.run(EPollPort.java:305) ~[?:?]
	at java.base/sun.nio.ch.AsynchronousChannelGroupImpl$1.run(AsynchronousChannelGroupImpl.java:113) ~[?:?]
	at java.base/java.util.concurrent.ThreadPoolExecutor.runWorker(ThreadPoolExecutor.java:1144) ~[?:?]
	at java.base/java.util.concurrent.ThreadPoolExecutor$Worker.run(ThreadPoolExecutor.java:642) ~[?:?]
	at java.base/java.lang.Thread.run(Thread.java:1583) ~[?:?]
Caused by: java.net.ConnectException: Connection refused
	at java.base/sun.nio.ch.UnixAsynchronousSocketChannelImpl.checkConnect(Native Method) ~[?:?]
	at java.base/sun.nio.ch.UnixAsynchronousSocketChannelImpl.finishConnect(UnixAsynchronousSocketChannelImpl.java:256) ~[?:?]
	... 7 more
[19:35:36] [Server thread/INFO]: [Woolbattle] Woolbattle wurde aktiviert!
[19:35:36] [Server thread/INFO]: [spark] Starting background profiler...
[19:35:36] [Server thread/INFO]: Done preparing level "world" (0.827s)
[19:35:36] [Server thread/INFO]: Running delayed init tasks
[19:35:36] [Server thread/INFO]: Done (6.394s)! For help, type "help"
[19:35:57] [User Authenticator #0/INFO]: UUID of player Jackolix is fbdd91ea-d280-4ceb-835b-3f0968cc1ccb
[19:35:58] [Server thread/INFO]: [org.mongodb.driver.cluster] No server chosen by com.mongodb.reactivestreams.client.internal.ClientSessionHelper$$Lambda/0x00007feef5b6a7f8@667a8dc7 from cluster description ClusterDescription{type=UNKNOWN, connectionMode=SINGLE, serverDescriptions=[ServerDescription{address=localhost:27017, type=UNKNOWN, state=CONNECTING, exception={com.mongodb.MongoSocketOpenException: Exception opening socket}, caused by {java.net.ConnectException: Connection refused}}]}. Waiting for 30000 ms before timing out
[19:35:58] [Server thread/INFO]: [Woolbattle] Jackolix ist dem Spiel beigetreten. [1/4]
[19:35:58] [Server thread/INFO]: 
[19:35:58] [Server thread/INFO]: Jackolix[/127.0.0.1:52664] logged in with entity id 1 at ([world]-1.5, 60.0, -0.5)
[19:35:58] [Server thread/INFO]: [Woolbattle] Das Spiel startet in 30 Sekunden.
[19:36:01] [Server thread/INFO]: [Woolbattle] [STDOUT] [WOOLBATTLE DEBUG] InventoryClickEvent triggered!
[19:36:01] [Server thread/INFO]: [Woolbattle] [STDOUT] [WOOLBATTLE DEBUG] Player: Jackolix clicked item: BLUE_DYE
[19:36:02] [Server thread/WARN]: net.kyori.adventure.text.LegacyFormattingDetected: Legacy formatting codes have been detected in a component - this is unsupported behaviour. Please refer to the Adventure documentation (https://docs.advntr.dev) for more information. Component: TextComponentImpl{content="§8» §7Votes: §50", style=StyleImpl{obfuscated=not_set, bold=not_set, strikethrough=not_set, underlined=not_set, italic=not_set, color=null, shadowColor=null, clickEvent=null, hoverEvent=null, insertion=null, font=null}, children=[]}
[19:36:02] [Server thread/WARN]: 	at net.kyori.adventure.text.TextComponentImpl.warnWhenLegacyFormattingDetected(TextComponentImpl.java:84)
[19:36:02] [Server thread/WARN]: 	at net.kyori.adventure.text.TextComponentImpl.<init>(TextComponentImpl.java:74)
[19:36:02] [Server thread/WARN]: 	at net.kyori.adventure.text.TextComponentImpl.create(TextComponentImpl.java:55)
[19:36:02] [Server thread/WARN]: 	at net.kyori.adventure.text.Component.text(Component.java:821)
[19:36:02] [Server thread/WARN]: 	at net.kyori.adventure.text.Component.text(Component.java:808)
[19:36:02] [Server thread/WARN]: 	at Woolbattle-1.0-all.jar//codes.Elix.Woolbattle.items.Items.createMap(Items.java:228)
[19:36:02] [Server thread/WARN]: 	at Woolbattle-1.0-all.jar//codes.Elix.Woolbattle.items.LobbyItems.Lifes(LobbyItems.java:144)
[19:36:02] [Server thread/WARN]: 	at Woolbattle-1.0-all.jar//codes.Elix.Woolbattle.items.LobbyItems.onItemClick(LobbyItems.java:55)
[19:36:02] [Server thread/WARN]: 	at co.aikar.timings.TimedEventExecutor.execute(TimedEventExecutor.java:80)
[19:36:02] [Server thread/WARN]: 	at org.bukkit.plugin.RegisteredListener.callEvent(RegisteredListener.java:71)
[19:36:02] [Server thread/WARN]: 	at io.papermc.paper.plugin.manager.PaperEventManager.callEvent(PaperEventManager.java:54)
[19:36:02] [Server thread/WARN]: 	at io.papermc.paper.plugin.manager.PaperPluginManagerImpl.callEvent(PaperPluginManagerImpl.java:131)
[19:36:02] [Server thread/WARN]: 	at org.bukkit.plugin.SimplePluginManager.callEvent(SimplePluginManager.java:628)
[19:36:02] [Server thread/WARN]: 	at org.bukkit.craftbukkit.event.CraftEventFactory.callPlayerInteractEvent(CraftEventFactory.java:526)
[19:36:02] [Server thread/WARN]: 	at org.bukkit.craftbukkit.event.CraftEventFactory.callPlayerInteractEvent(CraftEventFactory.java:487)
[19:36:02] [Server thread/WARN]: 	at org.bukkit.craftbukkit.event.CraftEventFactory.callPlayerInteractEvent(CraftEventFactory.java:483)
[19:36:02] [Server thread/WARN]: 	at org.bukkit.craftbukkit.event.CraftEventFactory.callPlayerInteractEvent(CraftEventFactory.java:479)
[19:36:02] [Server thread/WARN]: 	at net.minecraft.server.network.ServerGamePacketListenerImpl.handleUseItem(ServerGamePacketListenerImpl.java:2116)
[19:36:02] [Server thread/WARN]: 	at net.minecraft.network.protocol.game.ServerboundUseItemPacket.handle(ServerboundUseItemPacket.java:48)
[19:36:02] [Server thread/WARN]: 	at net.minecraft.network.protocol.game.ServerboundUseItemPacket.handle(ServerboundUseItemPacket.java:9)
[19:36:02] [Server thread/WARN]: 	at net.minecraft.network.protocol.PacketUtils.lambda$ensureRunningOnSameThread$0(PacketUtils.java:29)
[19:36:02] [Server thread/WARN]: 	at net.minecraft.server.TickTask.run(TickTask.java:18)
[19:36:02] [Server thread/WARN]: 	at net.minecraft.util.thread.BlockableEventLoop.doRunTask(BlockableEventLoop.java:155)
[19:36:02] [Server thread/WARN]: 	at net.minecraft.util.thread.ReentrantBlockableEventLoop.doRunTask(ReentrantBlockableEventLoop.java:24)
[19:36:02] [Server thread/WARN]: 	at net.minecraft.server.MinecraftServer.doRunTask(MinecraftServer.java:1450)
[19:36:02] [Server thread/WARN]: 	at net.minecraft.server.MinecraftServer.doRunTask(MinecraftServer.java:176)
[19:36:02] [Server thread/WARN]: 	at net.minecraft.util.thread.BlockableEventLoop.pollTask(BlockableEventLoop.java:129)
[19:36:02] [Server thread/WARN]: 	at net.minecraft.server.MinecraftServer.pollTaskInternal(MinecraftServer.java:1430)
[19:36:02] [Server thread/WARN]: 	at net.minecraft.server.MinecraftServer.pollTask(MinecraftServer.java:1424)
[19:36:02] [Server thread/WARN]: 	at net.minecraft.util.thread.BlockableEventLoop.managedBlock(BlockableEventLoop.java:139)
[19:36:02] [Server thread/WARN]: 	at net.minecraft.server.MinecraftServer.managedBlock(MinecraftServer.java:1381)
[19:36:02] [Server thread/WARN]: 	at net.minecraft.server.MinecraftServer.waitUntilNextTick(MinecraftServer.java:1389)
[19:36:02] [Server thread/WARN]: 	at net.minecraft.server.MinecraftServer.runServer(MinecraftServer.java:1266)
[19:36:02] [Server thread/WARN]: 	at net.minecraft.server.MinecraftServer.lambda$spin$2(MinecraftServer.java:310)
[19:36:02] [Server thread/WARN]: 	at java.base/java.lang.Thread.run(Thread.java:1583)
[19:36:02] [Server thread/WARN]: net.kyori.adventure.text.LegacyFormattingDetected: Legacy formatting codes have been detected in a component - this is unsupported behaviour. Please refer to the Adventure documentation (https://docs.advntr.dev) for more information. Component: TextComponentImpl{content="§8» §7Votes: §50", style=StyleImpl{obfuscated=not_set, bold=not_set, strikethrough=not_set, underlined=not_set, italic=not_set, color=null, shadowColor=null, clickEvent=null, hoverEvent=null, insertion=null, font=null}, children=[]}
[19:36:02] [Server thread/WARN]: 	at net.kyori.adventure.text.TextComponentImpl.warnWhenLegacyFormattingDetected(TextComponentImpl.java:84)
[19:36:02] [Server thread/WARN]: 	at net.kyori.adventure.text.TextComponentImpl.<init>(TextComponentImpl.java:74)
[19:36:02] [Server thread/WARN]: 	at net.kyori.adventure.text.TextComponentImpl.create(TextComponentImpl.java:55)
[19:36:02] [Server thread/WARN]: 	at net.kyori.adventure.text.Component.text(Component.java:821)
[19:36:02] [Server thread/WARN]: 	at net.kyori.adventure.text.Component.text(Component.java:808)
[19:36:02] [Server thread/WARN]: 	at Woolbattle-1.0-all.jar//codes.Elix.Woolbattle.items.Items.createMap(Items.java:228)
[19:36:02] [Server thread/WARN]: 	at Woolbattle-1.0-all.jar//codes.Elix.Woolbattle.items.LobbyItems.Lifes(LobbyItems.java:146)
[19:36:02] [Server thread/WARN]: 	at Woolbattle-1.0-all.jar//codes.Elix.Woolbattle.items.LobbyItems.onItemClick(LobbyItems.java:55)
[19:36:02] [Server thread/WARN]: 	at co.aikar.timings.TimedEventExecutor.execute(TimedEventExecutor.java:80)
[19:36:02] [Server thread/WARN]: 	at org.bukkit.plugin.RegisteredListener.callEvent(RegisteredListener.java:71)
[19:36:02] [Server thread/WARN]: 	at io.papermc.paper.plugin.manager.PaperEventManager.callEvent(PaperEventManager.java:54)
[19:36:02] [Server thread/WARN]: 	at io.papermc.paper.plugin.manager.PaperPluginManagerImpl.callEvent(PaperPluginManagerImpl.java:131)
[19:36:02] [Server thread/WARN]: 	at org.bukkit.plugin.SimplePluginManager.callEvent(SimplePluginManager.java:628)
[19:36:02] [Server thread/WARN]: 	at org.bukkit.craftbukkit.event.CraftEventFactory.callPlayerInteractEvent(CraftEventFactory.java:526)
[19:36:02] [Server thread/WARN]: 	at org.bukkit.craftbukkit.event.CraftEventFactory.callPlayerInteractEvent(CraftEventFactory.java:487)
[19:36:02] [Server thread/WARN]: 	at org.bukkit.craftbukkit.event.CraftEventFactory.callPlayerInteractEvent(CraftEventFactory.java:483)
[19:36:02] [Server thread/WARN]: 	at org.bukkit.craftbukkit.event.CraftEventFactory.callPlayerInteractEvent(CraftEventFactory.java:479)
[19:36:02] [Server thread/WARN]: 	at net.minecraft.server.network.ServerGamePacketListenerImpl.handleUseItem(ServerGamePacketListenerImpl.java:2116)
[19:36:02] [Server thread/WARN]: 	at net.minecraft.network.protocol.game.ServerboundUseItemPacket.handle(ServerboundUseItemPacket.java:48)
[19:36:02] [Server thread/WARN]: 	at net.minecraft.network.protocol.game.ServerboundUseItemPacket.handle(ServerboundUseItemPacket.java:9)
[19:36:02] [Server thread/WARN]: 	at net.minecraft.network.protocol.PacketUtils.lambda$ensureRunningOnSameThread$0(PacketUtils.java:29)
[19:36:02] [Server thread/WARN]: 	at net.minecraft.server.TickTask.run(TickTask.java:18)
[19:36:02] [Server thread/WARN]: 	at net.minecraft.util.thread.BlockableEventLoop.doRunTask(BlockableEventLoop.java:155)
[19:36:02] [Server thread/WARN]: 	at net.minecraft.util.thread.ReentrantBlockableEventLoop.doRunTask(ReentrantBlockableEventLoop.java:24)
[19:36:02] [Server thread/WARN]: 	at net.minecraft.server.MinecraftServer.doRunTask(MinecraftServer.java:1450)
[19:36:02] [Server thread/WARN]: 	at net.minecraft.server.MinecraftServer.doRunTask(MinecraftServer.java:176)
[19:36:02] [Server thread/WARN]: 	at net.minecraft.util.thread.BlockableEventLoop.pollTask(BlockableEventLoop.java:129)
[19:36:02] [Server thread/WARN]: 	at net.minecraft.server.MinecraftServer.pollTaskInternal(MinecraftServer.java:1430)
[19:36:02] [Server thread/WARN]: 	at net.minecraft.server.MinecraftServer.pollTask(MinecraftServer.java:1424)
[19:36:02] [Server thread/WARN]: 	at net.minecraft.util.thread.BlockableEventLoop.managedBlock(BlockableEventLoop.java:139)
[19:36:02] [Server thread/WARN]: 	at net.minecraft.server.MinecraftServer.managedBlock(MinecraftServer.java:1381)
[19:36:02] [Server thread/WARN]: 	at net.minecraft.server.MinecraftServer.waitUntilNextTick(MinecraftServer.java:1389)
[19:36:02] [Server thread/WARN]: 	at net.minecraft.server.MinecraftServer.runServer(MinecraftServer.java:1266)
[19:36:02] [Server thread/WARN]: 	at net.minecraft.server.MinecraftServer.lambda$spin$2(MinecraftServer.java:310)
[19:36:02] [Server thread/WARN]: 	at java.base/java.lang.Thread.run(Thread.java:1583)
[19:36:02] [Server thread/WARN]: net.kyori.adventure.text.LegacyFormattingDetected: Legacy formatting codes have been detected in a component - this is unsupported behaviour. Please refer to the Adventure documentation (https://docs.advntr.dev) for more information. Component: TextComponentImpl{content="§8» §7Votes: §50", style=StyleImpl{obfuscated=not_set, bold=not_set, strikethrough=not_set, underlined=not_set, italic=not_set, color=null, shadowColor=null, clickEvent=null, hoverEvent=null, insertion=null, font=null}, children=[]}
[19:36:02] [Server thread/WARN]: 	at net.kyori.adventure.text.TextComponentImpl.warnWhenLegacyFormattingDetected(TextComponentImpl.java:84)
[19:36:02] [Server thread/WARN]: 	at net.kyori.adventure.text.TextComponentImpl.<init>(TextComponentImpl.java:74)
[19:36:02] [Server thread/WARN]: 	at net.kyori.adventure.text.TextComponentImpl.create(TextComponentImpl.java:55)
[19:36:02] [Server thread/WARN]: 	at net.kyori.adventure.text.Component.text(Component.java:821)
[19:36:02] [Server thread/WARN]: 	at net.kyori.adventure.text.Component.text(Component.java:808)
[19:36:02] [Server thread/WARN]: 	at Woolbattle-1.0-all.jar//codes.Elix.Woolbattle.items.Items.create(Items.java:148)
[19:36:02] [Server thread/WARN]: 	at Woolbattle-1.0-all.jar//codes.Elix.Woolbattle.items.LobbyItems.Lifes(LobbyItems.java:148)
[19:36:02] [Server thread/WARN]: 	at Woolbattle-1.0-all.jar//codes.Elix.Woolbattle.items.LobbyItems.onItemClick(LobbyItems.java:55)
[19:36:02] [Server thread/WARN]: 	at co.aikar.timings.TimedEventExecutor.execute(TimedEventExecutor.java:80)
[19:36:02] [Server thread/WARN]: 	at org.bukkit.plugin.RegisteredListener.callEvent(RegisteredListener.java:71)
[19:36:02] [Server thread/WARN]: 	at io.papermc.paper.plugin.manager.PaperEventManager.callEvent(PaperEventManager.java:54)
[19:36:02] [Server thread/WARN]: 	at io.papermc.paper.plugin.manager.PaperPluginManagerImpl.callEvent(PaperPluginManagerImpl.java:131)
[19:36:02] [Server thread/WARN]: 	at org.bukkit.plugin.SimplePluginManager.callEvent(SimplePluginManager.java:628)
[19:36:02] [Server thread/WARN]: 	at org.bukkit.craftbukkit.event.CraftEventFactory.callPlayerInteractEvent(CraftEventFactory.java:526)
[19:36:02] [Server thread/WARN]: 	at org.bukkit.craftbukkit.event.CraftEventFactory.callPlayerInteractEvent(CraftEventFactory.java:487)
[19:36:02] [Server thread/WARN]: 	at org.bukkit.craftbukkit.event.CraftEventFactory.callPlayerInteractEvent(CraftEventFactory.java:483)
[19:36:02] [Server thread/WARN]: 	at org.bukkit.craftbukkit.event.CraftEventFactory.callPlayerInteractEvent(CraftEventFactory.java:479)
[19:36:02] [Server thread/WARN]: 	at net.minecraft.server.network.ServerGamePacketListenerImpl.handleUseItem(ServerGamePacketListenerImpl.java:2116)
[19:36:02] [Server thread/WARN]: 	at net.minecraft.network.protocol.game.ServerboundUseItemPacket.handle(ServerboundUseItemPacket.java:48)
[19:36:02] [Server thread/WARN]: 	at net.minecraft.network.protocol.game.ServerboundUseItemPacket.handle(ServerboundUseItemPacket.java:9)
[19:36:02] [Server thread/WARN]: 	at net.minecraft.network.protocol.PacketUtils.lambda$ensureRunningOnSameThread$0(PacketUtils.java:29)
[19:36:02] [Server thread/WARN]: 	at net.minecraft.server.TickTask.run(TickTask.java:18)
[19:36:02] [Server thread/WARN]: 	at net.minecraft.util.thread.BlockableEventLoop.doRunTask(BlockableEventLoop.java:155)
[19:36:02] [Server thread/WARN]: 	at net.minecraft.util.thread.ReentrantBlockableEventLoop.doRunTask(ReentrantBlockableEventLoop.java:24)
[19:36:02] [Server thread/WARN]: 	at net.minecraft.server.MinecraftServer.doRunTask(MinecraftServer.java:1450)
[19:36:02] [Server thread/WARN]: 	at net.minecraft.server.MinecraftServer.doRunTask(MinecraftServer.java:176)
[19:36:02] [Server thread/WARN]: 	at net.minecraft.util.thread.BlockableEventLoop.pollTask(BlockableEventLoop.java:129)
[19:36:02] [Server thread/WARN]: 	at net.minecraft.server.MinecraftServer.pollTaskInternal(MinecraftServer.java:1430)
[19:36:02] [Server thread/WARN]: 	at net.minecraft.server.MinecraftServer.pollTask(MinecraftServer.java:1424)
[19:36:02] [Server thread/WARN]: 	at net.minecraft.util.thread.BlockableEventLoop.managedBlock(BlockableEventLoop.java:139)
[19:36:02] [Server thread/WARN]: 	at net.minecraft.server.MinecraftServer.managedBlock(MinecraftServer.java:1381)
[19:36:02] [Server thread/WARN]: 	at net.minecraft.server.MinecraftServer.waitUntilNextTick(MinecraftServer.java:1389)
[19:36:02] [Server thread/WARN]: 	at net.minecraft.server.MinecraftServer.runServer(MinecraftServer.java:1266)
[19:36:02] [Server thread/WARN]: 	at net.minecraft.server.MinecraftServer.lambda$spin$2(MinecraftServer.java:310)
[19:36:02] [Server thread/WARN]: 	at java.base/java.lang.Thread.run(Thread.java:1583)
[19:36:02] [Server thread/WARN]: net.kyori.adventure.text.LegacyFormattingDetected: Legacy formatting codes have been detected in a component - this is unsupported behaviour. Please refer to the Adventure documentation (https://docs.advntr.dev) for more information. Component: TextComponentImpl{content="§8» §7Votes: §50", style=StyleImpl{obfuscated=not_set, bold=not_set, strikethrough=not_set, underlined=not_set, italic=not_set, color=null, shadowColor=null, clickEvent=null, hoverEvent=null, insertion=null, font=null}, children=[]}
[19:36:02] [Server thread/WARN]: 	at net.kyori.adventure.text.TextComponentImpl.warnWhenLegacyFormattingDetected(TextComponentImpl.java:84)
[19:36:02] [Server thread/WARN]: 	at net.kyori.adventure.text.TextComponentImpl.<init>(TextComponentImpl.java:74)
[19:36:02] [Server thread/WARN]: 	at net.kyori.adventure.text.TextComponentImpl.create(TextComponentImpl.java:55)
[19:36:02] [Server thread/WARN]: 	at net.kyori.adventure.text.Component.text(Component.java:821)
[19:36:02] [Server thread/WARN]: 	at net.kyori.adventure.text.Component.text(Component.java:808)
[19:36:02] [Server thread/WARN]: 	at Woolbattle-1.0-all.jar//codes.Elix.Woolbattle.items.Items.createMap(Items.java:228)
[19:36:02] [Server thread/WARN]: 	at Woolbattle-1.0-all.jar//codes.Elix.Woolbattle.items.LobbyItems.Lifes(LobbyItems.java:150)
[19:36:02] [Server thread/WARN]: 	at Woolbattle-1.0-all.jar//codes.Elix.Woolbattle.items.LobbyItems.onItemClick(LobbyItems.java:55)
[19:36:02] [Server thread/WARN]: 	at co.aikar.timings.TimedEventExecutor.execute(TimedEventExecutor.java:80)
[19:36:02] [Server thread/WARN]: 	at org.bukkit.plugin.RegisteredListener.callEvent(RegisteredListener.java:71)
[19:36:02] [Server thread/WARN]: 	at io.papermc.paper.plugin.manager.PaperEventManager.callEvent(PaperEventManager.java:54)
[19:36:02] [Server thread/WARN]: 	at io.papermc.paper.plugin.manager.PaperPluginManagerImpl.callEvent(PaperPluginManagerImpl.java:131)
[19:36:02] [Server thread/WARN]: 	at org.bukkit.plugin.SimplePluginManager.callEvent(SimplePluginManager.java:628)
[19:36:02] [Server thread/WARN]: 	at org.bukkit.craftbukkit.event.CraftEventFactory.callPlayerInteractEvent(CraftEventFactory.java:526)
[19:36:02] [Server thread/WARN]: 	at org.bukkit.craftbukkit.event.CraftEventFactory.callPlayerInteractEvent(CraftEventFactory.java:487)
[19:36:02] [Server thread/WARN]: 	at org.bukkit.craftbukkit.event.CraftEventFactory.callPlayerInteractEvent(CraftEventFactory.java:483)
[19:36:02] [Server thread/WARN]: 	at org.bukkit.craftbukkit.event.CraftEventFactory.callPlayerInteractEvent(CraftEventFactory.java:479)
[19:36:02] [Server thread/WARN]: 	at net.minecraft.server.network.ServerGamePacketListenerImpl.handleUseItem(ServerGamePacketListenerImpl.java:2116)
[19:36:02] [Server thread/WARN]: 	at net.minecraft.network.protocol.game.ServerboundUseItemPacket.handle(ServerboundUseItemPacket.java:48)
[19:36:02] [Server thread/WARN]: 	at net.minecraft.network.protocol.game.ServerboundUseItemPacket.handle(ServerboundUseItemPacket.java:9)
[19:36:02] [Server thread/WARN]: 	at net.minecraft.network.protocol.PacketUtils.lambda$ensureRunningOnSameThread$0(PacketUtils.java:29)
[19:36:02] [Server thread/WARN]: 	at net.minecraft.server.TickTask.run(TickTask.java:18)
[19:36:02] [Server thread/WARN]: 	at net.minecraft.util.thread.BlockableEventLoop.doRunTask(BlockableEventLoop.java:155)
[19:36:02] [Server thread/WARN]: 	at net.minecraft.util.thread.ReentrantBlockableEventLoop.doRunTask(ReentrantBlockableEventLoop.java:24)
[19:36:02] [Server thread/WARN]: 	at net.minecraft.server.MinecraftServer.doRunTask(MinecraftServer.java:1450)
[19:36:02] [Server thread/WARN]: 	at net.minecraft.server.MinecraftServer.doRunTask(MinecraftServer.java:176)
[19:36:02] [Server thread/WARN]: 	at net.minecraft.util.thread.BlockableEventLoop.pollTask(BlockableEventLoop.java:129)
[19:36:02] [Server thread/WARN]: 	at net.minecraft.server.MinecraftServer.pollTaskInternal(MinecraftServer.java:1430)
[19:36:02] [Server thread/WARN]: 	at net.minecraft.server.MinecraftServer.pollTask(MinecraftServer.java:1424)
[19:36:02] [Server thread/WARN]: 	at net.minecraft.util.thread.BlockableEventLoop.managedBlock(BlockableEventLoop.java:139)
[19:36:02] [Server thread/WARN]: 	at net.minecraft.server.MinecraftServer.managedBlock(MinecraftServer.java:1381)
[19:36:02] [Server thread/WARN]: 	at net.minecraft.server.MinecraftServer.waitUntilNextTick(MinecraftServer.java:1389)
[19:36:02] [Server thread/WARN]: 	at net.minecraft.server.MinecraftServer.runServer(MinecraftServer.java:1266)
[19:36:02] [Server thread/WARN]: 	at net.minecraft.server.MinecraftServer.lambda$spin$2(MinecraftServer.java:310)
[19:36:02] [Server thread/WARN]: 	at java.base/java.lang.Thread.run(Thread.java:1583)
[19:36:03] [Server thread/INFO]: [Woolbattle] [STDOUT] [WOOLBATTLE DEBUG] InventoryClickEvent triggered!
[19:36:03] [Server thread/INFO]: [Woolbattle] [STDOUT] [WOOLBATTLE DEBUG] Player: Jackolix clicked item: MAGENTA_DYE
[19:36:03] [Server thread/INFO]: TextComponentImpl{content="6 Leben", style=StyleImpl{obfuscated=not_set, bold=not_set, strikethrough=not_set, underlined=not_set, italic=not_set, color=NamedTextColor{name="yellow", value="#FFFF55"}, shadowColor=null, clickEvent=null, hoverEvent=null, insertion=null, font=null}, children=[]}
[19:36:03] [Server thread/WARN]: net.kyori.adventure.text.LegacyFormattingDetected: Legacy formatting codes have been detected in a component - this is unsupported behaviour. Please refer to the Adventure documentation (https://docs.advntr.dev) for more information. Component: TextComponentImpl{content="§8» §7Votes: §51", style=StyleImpl{obfuscated=not_set, bold=not_set, strikethrough=not_set, underlined=not_set, italic=not_set, color=null, shadowColor=null, clickEvent=null, hoverEvent=null, insertion=null, font=null}, children=[]}
[19:36:03] [Server thread/WARN]: 	at net.kyori.adventure.text.TextComponentImpl.warnWhenLegacyFormattingDetected(TextComponentImpl.java:84)
[19:36:03] [Server thread/WARN]: 	at net.kyori.adventure.text.TextComponentImpl.<init>(TextComponentImpl.java:74)
[19:36:03] [Server thread/WARN]: 	at net.kyori.adventure.text.TextComponentImpl.create(TextComponentImpl.java:55)
[19:36:03] [Server thread/WARN]: 	at net.kyori.adventure.text.Component.text(Component.java:821)
[19:36:03] [Server thread/WARN]: 	at net.kyori.adventure.text.Component.text(Component.java:808)
[19:36:03] [Server thread/WARN]: 	at Woolbattle-1.0-all.jar//codes.Elix.Woolbattle.items.Items.createMap(Items.java:228)
[19:36:03] [Server thread/WARN]: 	at Woolbattle-1.0-all.jar//codes.Elix.Woolbattle.items.LobbyItems.Lifes(LobbyItems.java:144)
[19:36:03] [Server thread/WARN]: 	at Woolbattle-1.0-all.jar//codes.Elix.Woolbattle.items.LobbyItems.onGUIClick(LobbyItems.java:417)
[19:36:03] [Server thread/WARN]: 	at co.aikar.timings.TimedEventExecutor.execute(TimedEventExecutor.java:80)
[19:36:03] [Server thread/WARN]: 	at org.bukkit.plugin.RegisteredListener.callEvent(RegisteredListener.java:71)
[19:36:03] [Server thread/WARN]: 	at io.papermc.paper.plugin.manager.PaperEventManager.callEvent(PaperEventManager.java:54)
[19:36:03] [Server thread/WARN]: 	at io.papermc.paper.plugin.manager.PaperPluginManagerImpl.callEvent(PaperPluginManagerImpl.java:131)
[19:36:03] [Server thread/WARN]: 	at org.bukkit.plugin.SimplePluginManager.callEvent(SimplePluginManager.java:628)
[19:36:03] [Server thread/WARN]: 	at net.minecraft.server.network.ServerGamePacketListenerImpl.handleContainerClick(ServerGamePacketListenerImpl.java:3208)
[19:36:03] [Server thread/WARN]: 	at net.minecraft.network.protocol.game.ServerboundContainerClickPacket.handle(ServerboundContainerClickPacket.java:59)
[19:36:03] [Server thread/WARN]: 	at net.minecraft.network.protocol.game.ServerboundContainerClickPacket.handle(ServerboundContainerClickPacket.java:14)
[19:36:03] [Server thread/WARN]: 	at net.minecraft.network.protocol.PacketUtils.lambda$ensureRunningOnSameThread$0(PacketUtils.java:29)
[19:36:03] [Server thread/WARN]: 	at net.minecraft.server.TickTask.run(TickTask.java:18)
[19:36:03] [Server thread/WARN]: 	at net.minecraft.util.thread.BlockableEventLoop.doRunTask(BlockableEventLoop.java:155)
[19:36:03] [Server thread/WARN]: 	at net.minecraft.util.thread.ReentrantBlockableEventLoop.doRunTask(ReentrantBlockableEventLoop.java:24)
[19:36:03] [Server thread/WARN]: 	at net.minecraft.server.MinecraftServer.doRunTask(MinecraftServer.java:1450)
[19:36:03] [Server thread/WARN]: 	at net.minecraft.server.MinecraftServer.doRunTask(MinecraftServer.java:176)
[19:36:03] [Server thread/WARN]: 	at net.minecraft.util.thread.BlockableEventLoop.pollTask(BlockableEventLoop.java:129)
[19:36:03] [Server thread/WARN]: 	at net.minecraft.server.MinecraftServer.pollTaskInternal(MinecraftServer.java:1430)
[19:36:03] [Server thread/WARN]: 	at net.minecraft.server.MinecraftServer.pollTask(MinecraftServer.java:1424)
[19:36:03] [Server thread/WARN]: 	at net.minecraft.util.thread.BlockableEventLoop.managedBlock(BlockableEventLoop.java:139)
[19:36:03] [Server thread/WARN]: 	at net.minecraft.server.MinecraftServer.managedBlock(MinecraftServer.java:1381)
[19:36:03] [Server thread/WARN]: 	at net.minecraft.server.MinecraftServer.waitUntilNextTick(MinecraftServer.java:1389)
[19:36:03] [Server thread/WARN]: 	at net.minecraft.server.MinecraftServer.runServer(MinecraftServer.java:1266)
[19:36:03] [Server thread/WARN]: 	at net.minecraft.server.MinecraftServer.lambda$spin$2(MinecraftServer.java:310)
[19:36:03] [Server thread/WARN]: 	at java.base/java.lang.Thread.run(Thread.java:1583)
[19:36:03] [Server thread/WARN]: net.kyori.adventure.text.LegacyFormattingDetected: Legacy formatting codes have been detected in a component - this is unsupported behaviour. Please refer to the Adventure documentation (https://docs.advntr.dev) for more information. Component: TextComponentImpl{content="§8» §7Votes: §50", style=StyleImpl{obfuscated=not_set, bold=not_set, strikethrough=not_set, underlined=not_set, italic=not_set, color=null, shadowColor=null, clickEvent=null, hoverEvent=null, insertion=null, font=null}, children=[]}
[19:36:03] [Server thread/WARN]: 	at net.kyori.adventure.text.TextComponentImpl.warnWhenLegacyFormattingDetected(TextComponentImpl.java:84)
[19:36:03] [Server thread/WARN]: 	at net.kyori.adventure.text.TextComponentImpl.<init>(TextComponentImpl.java:74)
[19:36:03] [Server thread/WARN]: 	at net.kyori.adventure.text.TextComponentImpl.create(TextComponentImpl.java:55)
[19:36:03] [Server thread/WARN]: 	at net.kyori.adventure.text.Component.text(Component.java:821)
[19:36:03] [Server thread/WARN]: 	at net.kyori.adventure.text.Component.text(Component.java:808)
[19:36:03] [Server thread/WARN]: 	at Woolbattle-1.0-all.jar//codes.Elix.Woolbattle.items.Items.createMap(Items.java:228)
[19:36:03] [Server thread/WARN]: 	at Woolbattle-1.0-all.jar//codes.Elix.Woolbattle.items.LobbyItems.Lifes(LobbyItems.java:146)
[19:36:03] [Server thread/WARN]: 	at Woolbattle-1.0-all.jar//codes.Elix.Woolbattle.items.LobbyItems.onGUIClick(LobbyItems.java:417)
[19:36:03] [Server thread/WARN]: 	at co.aikar.timings.TimedEventExecutor.execute(TimedEventExecutor.java:80)
[19:36:03] [Server thread/WARN]: 	at org.bukkit.plugin.RegisteredListener.callEvent(RegisteredListener.java:71)
[19:36:03] [Server thread/WARN]: 	at io.papermc.paper.plugin.manager.PaperEventManager.callEvent(PaperEventManager.java:54)
[19:36:03] [Server thread/WARN]: 	at io.papermc.paper.plugin.manager.PaperPluginManagerImpl.callEvent(PaperPluginManagerImpl.java:131)
[19:36:03] [Server thread/WARN]: 	at org.bukkit.plugin.SimplePluginManager.callEvent(SimplePluginManager.java:628)
[19:36:03] [Server thread/WARN]: 	at net.minecraft.server.network.ServerGamePacketListenerImpl.handleContainerClick(ServerGamePacketListenerImpl.java:3208)
[19:36:03] [Server thread/WARN]: 	at net.minecraft.network.protocol.game.ServerboundContainerClickPacket.handle(ServerboundContainerClickPacket.java:59)
[19:36:03] [Server thread/WARN]: 	at net.minecraft.network.protocol.game.ServerboundContainerClickPacket.handle(ServerboundContainerClickPacket.java:14)
[19:36:03] [Server thread/WARN]: 	at net.minecraft.network.protocol.PacketUtils.lambda$ensureRunningOnSameThread$0(PacketUtils.java:29)
[19:36:03] [Server thread/WARN]: 	at net.minecraft.server.TickTask.run(TickTask.java:18)
[19:36:03] [Server thread/WARN]: 	at net.minecraft.util.thread.BlockableEventLoop.doRunTask(BlockableEventLoop.java:155)
[19:36:03] [Server thread/WARN]: 	at net.minecraft.util.thread.ReentrantBlockableEventLoop.doRunTask(ReentrantBlockableEventLoop.java:24)
[19:36:03] [Server thread/WARN]: 	at net.minecraft.server.MinecraftServer.doRunTask(MinecraftServer.java:1450)
[19:36:03] [Server thread/WARN]: 	at net.minecraft.server.MinecraftServer.doRunTask(MinecraftServer.java:176)
[19:36:03] [Server thread/WARN]: 	at net.minecraft.util.thread.BlockableEventLoop.pollTask(BlockableEventLoop.java:129)
[19:36:03] [Server thread/WARN]: 	at net.minecraft.server.MinecraftServer.pollTaskInternal(MinecraftServer.java:1430)
[19:36:03] [Server thread/WARN]: 	at net.minecraft.server.MinecraftServer.pollTask(MinecraftServer.java:1424)
[19:36:03] [Server thread/WARN]: 	at net.minecraft.util.thread.BlockableEventLoop.managedBlock(BlockableEventLoop.java:139)
[19:36:03] [Server thread/WARN]: 	at net.minecraft.server.MinecraftServer.managedBlock(MinecraftServer.java:1381)
[19:36:03] [Server thread/WARN]: 	at net.minecraft.server.MinecraftServer.waitUntilNextTick(MinecraftServer.java:1389)
[19:36:03] [Server thread/WARN]: 	at net.minecraft.server.MinecraftServer.runServer(MinecraftServer.java:1266)
[19:36:03] [Server thread/WARN]: 	at net.minecraft.server.MinecraftServer.lambda$spin$2(MinecraftServer.java:310)
[19:36:03] [Server thread/WARN]: 	at java.base/java.lang.Thread.run(Thread.java:1583)
[19:36:03] [Server thread/WARN]: net.kyori.adventure.text.LegacyFormattingDetected: Legacy formatting codes have been detected in a component - this is unsupported behaviour. Please refer to the Adventure documentation (https://docs.advntr.dev) for more information. Component: TextComponentImpl{content="§8» §7Votes: §50", style=StyleImpl{obfuscated=not_set, bold=not_set, strikethrough=not_set, underlined=not_set, italic=not_set, color=null, shadowColor=null, clickEvent=null, hoverEvent=null, insertion=null, font=null}, children=[]}
[19:36:03] [Server thread/WARN]: 	at net.kyori.adventure.text.TextComponentImpl.warnWhenLegacyFormattingDetected(TextComponentImpl.java:84)
[19:36:03] [Server thread/WARN]: 	at net.kyori.adventure.text.TextComponentImpl.<init>(TextComponentImpl.java:74)
[19:36:03] [Server thread/WARN]: 	at net.kyori.adventure.text.TextComponentImpl.create(TextComponentImpl.java:55)
[19:36:03] [Server thread/WARN]: 	at net.kyori.adventure.text.Component.text(Component.java:821)
[19:36:03] [Server thread/WARN]: 	at net.kyori.adventure.text.Component.text(Component.java:808)
[19:36:03] [Server thread/WARN]: 	at Woolbattle-1.0-all.jar//codes.Elix.Woolbattle.items.Items.create(Items.java:148)
[19:36:03] [Server thread/WARN]: 	at Woolbattle-1.0-all.jar//codes.Elix.Woolbattle.items.LobbyItems.Lifes(LobbyItems.java:148)
[19:36:03] [Server thread/WARN]: 	at Woolbattle-1.0-all.jar//codes.Elix.Woolbattle.items.LobbyItems.onGUIClick(LobbyItems.java:417)
[19:36:03] [Server thread/WARN]: 	at co.aikar.timings.TimedEventExecutor.execute(TimedEventExecutor.java:80)
[19:36:03] [Server thread/WARN]: 	at org.bukkit.plugin.RegisteredListener.callEvent(RegisteredListener.java:71)
[19:36:03] [Server thread/WARN]: 	at io.papermc.paper.plugin.manager.PaperEventManager.callEvent(PaperEventManager.java:54)
[19:36:03] [Server thread/WARN]: 	at io.papermc.paper.plugin.manager.PaperPluginManagerImpl.callEvent(PaperPluginManagerImpl.java:131)
[19:36:03] [Server thread/WARN]: 	at org.bukkit.plugin.SimplePluginManager.callEvent(SimplePluginManager.java:628)
[19:36:03] [Server thread/WARN]: 	at net.minecraft.server.network.ServerGamePacketListenerImpl.handleContainerClick(ServerGamePacketListenerImpl.java:3208)
[19:36:03] [Server thread/WARN]: 	at net.minecraft.network.protocol.game.ServerboundContainerClickPacket.handle(ServerboundContainerClickPacket.java:59)
[19:36:03] [Server thread/WARN]: 	at net.minecraft.network.protocol.game.ServerboundContainerClickPacket.handle(ServerboundContainerClickPacket.java:14)
[19:36:03] [Server thread/WARN]: 	at net.minecraft.network.protocol.PacketUtils.lambda$ensureRunningOnSameThread$0(PacketUtils.java:29)
[19:36:03] [Server thread/WARN]: 	at net.minecraft.server.TickTask.run(TickTask.java:18)
[19:36:03] [Server thread/WARN]: 	at net.minecraft.util.thread.BlockableEventLoop.doRunTask(BlockableEventLoop.java:155)
[19:36:03] [Server thread/WARN]: 	at net.minecraft.util.thread.ReentrantBlockableEventLoop.doRunTask(ReentrantBlockableEventLoop.java:24)
[19:36:03] [Server thread/WARN]: 	at net.minecraft.server.MinecraftServer.doRunTask(MinecraftServer.java:1450)
[19:36:03] [Server thread/WARN]: 	at net.minecraft.server.MinecraftServer.doRunTask(MinecraftServer.java:176)
[19:36:03] [Server thread/WARN]: 	at net.minecraft.util.thread.BlockableEventLoop.pollTask(BlockableEventLoop.java:129)
[19:36:03] [Server thread/WARN]: 	at net.minecraft.server.MinecraftServer.pollTaskInternal(MinecraftServer.java:1430)
[19:36:03] [Server thread/WARN]: 	at net.minecraft.server.MinecraftServer.pollTask(MinecraftServer.java:1424)
[19:36:03] [Server thread/WARN]: 	at net.minecraft.util.thread.BlockableEventLoop.managedBlock(BlockableEventLoop.java:139)
[19:36:03] [Server thread/WARN]: 	at net.minecraft.server.MinecraftServer.managedBlock(MinecraftServer.java:1381)
[19:36:03] [Server thread/WARN]: 	at net.minecraft.server.MinecraftServer.waitUntilNextTick(MinecraftServer.java:1389)
[19:36:03] [Server thread/WARN]: 	at net.minecraft.server.MinecraftServer.runServer(MinecraftServer.java:1266)
[19:36:03] [Server thread/WARN]: 	at net.minecraft.server.MinecraftServer.lambda$spin$2(MinecraftServer.java:310)
[19:36:03] [Server thread/WARN]: 	at java.base/java.lang.Thread.run(Thread.java:1583)
[19:36:03] [Server thread/WARN]: net.kyori.adventure.text.LegacyFormattingDetected: Legacy formatting codes have been detected in a component - this is unsupported behaviour. Please refer to the Adventure documentation (https://docs.advntr.dev) for more information. Component: TextComponentImpl{content="§8» §7Votes: §50", style=StyleImpl{obfuscated=not_set, bold=not_set, strikethrough=not_set, underlined=not_set, italic=not_set, color=null, shadowColor=null, clickEvent=null, hoverEvent=null, insertion=null, font=null}, children=[]}
[19:36:03] [Server thread/WARN]: 	at net.kyori.adventure.text.TextComponentImpl.warnWhenLegacyFormattingDetected(TextComponentImpl.java:84)
[19:36:03] [Server thread/WARN]: 	at net.kyori.adventure.text.TextComponentImpl.<init>(TextComponentImpl.java:74)
[19:36:03] [Server thread/WARN]: 	at net.kyori.adventure.text.TextComponentImpl.create(TextComponentImpl.java:55)
[19:36:03] [Server thread/WARN]: 	at net.kyori.adventure.text.Component.text(Component.java:821)
[19:36:03] [Server thread/WARN]: 	at net.kyori.adventure.text.Component.text(Component.java:808)
[19:36:03] [Server thread/WARN]: 	at Woolbattle-1.0-all.jar//codes.Elix.Woolbattle.items.Items.createMap(Items.java:228)
[19:36:03] [Server thread/WARN]: 	at Woolbattle-1.0-all.jar//codes.Elix.Woolbattle.items.LobbyItems.Lifes(LobbyItems.java:150)
[19:36:03] [Server thread/WARN]: 	at Woolbattle-1.0-all.jar//codes.Elix.Woolbattle.items.LobbyItems.onGUIClick(LobbyItems.java:417)
[19:36:03] [Server thread/WARN]: 	at co.aikar.timings.TimedEventExecutor.execute(TimedEventExecutor.java:80)
[19:36:03] [Server thread/WARN]: 	at org.bukkit.plugin.RegisteredListener.callEvent(RegisteredListener.java:71)
[19:36:03] [Server thread/WARN]: 	at io.papermc.paper.plugin.manager.PaperEventManager.callEvent(PaperEventManager.java:54)
[19:36:03] [Server thread/WARN]: 	at io.papermc.paper.plugin.manager.PaperPluginManagerImpl.callEvent(PaperPluginManagerImpl.java:131)
[19:36:03] [Server thread/WARN]: 	at org.bukkit.plugin.SimplePluginManager.callEvent(SimplePluginManager.java:628)
[19:36:03] [Server thread/WARN]: 	at net.minecraft.server.network.ServerGamePacketListenerImpl.handleContainerClick(ServerGamePacketListenerImpl.java:3208)
[19:36:03] [Server thread/WARN]: 	at net.minecraft.network.protocol.game.ServerboundContainerClickPacket.handle(ServerboundContainerClickPacket.java:59)
[19:36:03] [Server thread/WARN]: 	at net.minecraft.network.protocol.game.ServerboundContainerClickPacket.handle(ServerboundContainerClickPacket.java:14)
[19:36:03] [Server thread/WARN]: 	at net.minecraft.network.protocol.PacketUtils.lambda$ensureRunningOnSameThread$0(PacketUtils.java:29)
[19:36:03] [Server thread/WARN]: 	at net.minecraft.server.TickTask.run(TickTask.java:18)
[19:36:03] [Server thread/WARN]: 	at net.minecraft.util.thread.BlockableEventLoop.doRunTask(BlockableEventLoop.java:155)
[19:36:03] [Server thread/WARN]: 	at net.minecraft.util.thread.ReentrantBlockableEventLoop.doRunTask(ReentrantBlockableEventLoop.java:24)
[19:36:03] [Server thread/WARN]: 	at net.minecraft.server.MinecraftServer.doRunTask(MinecraftServer.java:1450)
[19:36:03] [Server thread/WARN]: 	at net.minecraft.server.MinecraftServer.doRunTask(MinecraftServer.java:176)
[19:36:03] [Server thread/WARN]: 	at net.minecraft.util.thread.BlockableEventLoop.pollTask(BlockableEventLoop.java:129)
[19:36:03] [Server thread/WARN]: 	at net.minecraft.server.MinecraftServer.pollTaskInternal(MinecraftServer.java:1430)
[19:36:03] [Server thread/WARN]: 	at net.minecraft.server.MinecraftServer.pollTask(MinecraftServer.java:1424)
[19:36:03] [Server thread/WARN]: 	at net.minecraft.util.thread.BlockableEventLoop.managedBlock(BlockableEventLoop.java:139)
[19:36:03] [Server thread/WARN]: 	at net.minecraft.server.MinecraftServer.managedBlock(MinecraftServer.java:1381)
[19:36:03] [Server thread/WARN]: 	at net.minecraft.server.MinecraftServer.waitUntilNextTick(MinecraftServer.java:1389)
[19:36:03] [Server thread/WARN]: 	at net.minecraft.server.MinecraftServer.runServer(MinecraftServer.java:1266)
[19:36:03] [Server thread/WARN]: 	at net.minecraft.server.MinecraftServer.lambda$spin$2(MinecraftServer.java:310)
[19:36:03] [Server thread/WARN]: 	at java.base/java.lang.Thread.run(Thread.java:1583)
[19:36:03] [Server thread/WARN]: net.kyori.adventure.text.LegacyFormattingDetected: Legacy formatting codes have been detected in a component - this is unsupported behaviour. Please refer to the Adventure documentation (https://docs.advntr.dev) for more information. Component: TextComponentImpl{content="§8» §7Votes: §51", style=StyleImpl{obfuscated=not_set, bold=not_set, strikethrough=not_set, underlined=not_set, italic=not_set, color=null, shadowColor=null, clickEvent=null, hoverEvent=null, insertion=null, font=null}, children=[]}
[19:36:03] [Server thread/WARN]: 	at net.kyori.adventure.text.TextComponentImpl.warnWhenLegacyFormattingDetected(TextComponentImpl.java:84)
[19:36:03] [Server thread/WARN]: 	at net.kyori.adventure.text.TextComponentImpl.<init>(TextComponentImpl.java:74)
[19:36:03] [Server thread/WARN]: 	at net.kyori.adventure.text.TextComponentImpl.create(TextComponentImpl.java:55)
[19:36:03] [Server thread/WARN]: 	at net.kyori.adventure.text.Component.text(Component.java:821)
[19:36:03] [Server thread/WARN]: 	at net.kyori.adventure.text.Component.text(Component.java:808)
[19:36:03] [Server thread/WARN]: 	at Woolbattle-1.0-all.jar//codes.Elix.Woolbattle.items.Items.createMapEffect(Items.java:243)
[19:36:03] [Server thread/WARN]: 	at Woolbattle-1.0-all.jar//codes.Elix.Woolbattle.items.LobbyItems.checkSelectet(LobbyItems.java:547)
[19:36:03] [Server thread/WARN]: 	at Woolbattle-1.0-all.jar//codes.Elix.Woolbattle.items.LobbyItems.Lifes(LobbyItems.java:161)
[19:36:03] [Server thread/WARN]: 	at Woolbattle-1.0-all.jar//codes.Elix.Woolbattle.items.LobbyItems.onGUIClick(LobbyItems.java:417)
[19:36:03] [Server thread/WARN]: 	at co.aikar.timings.TimedEventExecutor.execute(TimedEventExecutor.java:80)
[19:36:03] [Server thread/WARN]: 	at org.bukkit.plugin.RegisteredListener.callEvent(RegisteredListener.java:71)
[19:36:03] [Server thread/WARN]: 	at io.papermc.paper.plugin.manager.PaperEventManager.callEvent(PaperEventManager.java:54)
[19:36:03] [Server thread/WARN]: 	at io.papermc.paper.plugin.manager.PaperPluginManagerImpl.callEvent(PaperPluginManagerImpl.java:131)
[19:36:03] [Server thread/WARN]: 	at org.bukkit.plugin.SimplePluginManager.callEvent(SimplePluginManager.java:628)
[19:36:03] [Server thread/WARN]: 	at net.minecraft.server.network.ServerGamePacketListenerImpl.handleContainerClick(ServerGamePacketListenerImpl.java:3208)
[19:36:03] [Server thread/WARN]: 	at net.minecraft.network.protocol.game.ServerboundContainerClickPacket.handle(ServerboundContainerClickPacket.java:59)
[19:36:03] [Server thread/WARN]: 	at net.minecraft.network.protocol.game.ServerboundContainerClickPacket.handle(ServerboundContainerClickPacket.java:14)
[19:36:03] [Server thread/WARN]: 	at net.minecraft.network.protocol.PacketUtils.lambda$ensureRunningOnSameThread$0(PacketUtils.java:29)
[19:36:03] [Server thread/WARN]: 	at net.minecraft.server.TickTask.run(TickTask.java:18)
[19:36:03] [Server thread/WARN]: 	at net.minecraft.util.thread.BlockableEventLoop.doRunTask(BlockableEventLoop.java:155)
[19:36:03] [Server thread/WARN]: 	at net.minecraft.util.thread.ReentrantBlockableEventLoop.doRunTask(ReentrantBlockableEventLoop.java:24)
[19:36:03] [Server thread/WARN]: 	at net.minecraft.server.MinecraftServer.doRunTask(MinecraftServer.java:1450)
[19:36:03] [Server thread/WARN]: 	at net.minecraft.server.MinecraftServer.doRunTask(MinecraftServer.java:176)
[19:36:03] [Server thread/WARN]: 	at net.minecraft.util.thread.BlockableEventLoop.pollTask(BlockableEventLoop.java:129)
[19:36:03] [Server thread/WARN]: 	at net.minecraft.server.MinecraftServer.pollTaskInternal(MinecraftServer.java:1430)
[19:36:03] [Server thread/WARN]: 	at net.minecraft.server.MinecraftServer.pollTask(MinecraftServer.java:1424)
[19:36:03] [Server thread/WARN]: 	at net.minecraft.util.thread.BlockableEventLoop.managedBlock(BlockableEventLoop.java:139)
[19:36:03] [Server thread/WARN]: 	at net.minecraft.server.MinecraftServer.managedBlock(MinecraftServer.java:1381)
[19:36:03] [Server thread/WARN]: 	at net.minecraft.server.MinecraftServer.waitUntilNextTick(MinecraftServer.java:1389)
[19:36:03] [Server thread/WARN]: 	at net.minecraft.server.MinecraftServer.runServer(MinecraftServer.java:1266)
[19:36:03] [Server thread/WARN]: 	at net.minecraft.server.MinecraftServer.lambda$spin$2(MinecraftServer.java:310)
[19:36:03] [Server thread/WARN]: 	at java.base/java.lang.Thread.run(Thread.java:1583)
[19:36:04] [Server thread/INFO]: [Woolbattle] Loading maps menu for Jackolix - found 4 game schematics (lobby maps excluded)
[19:36:04] [Server thread/INFO]: [Woolbattle] Adding schematic to slot 0: Game1
[19:36:04] [Server thread/INFO]: [Woolbattle] Adding schematic to slot 1: microwave V1
[19:36:04] [Server thread/INFO]: [Woolbattle] Adding schematic to slot 2: Pillars V2
[19:36:04] [Server thread/INFO]: [Woolbattle] Adding schematic to slot 3: WB training
[19:36:06] [Server thread/INFO]: [Woolbattle] [STDOUT] [WOOLBATTLE DEBUG] InventoryClickEvent triggered!
[19:36:06] [Server thread/INFO]: [Woolbattle] [STDOUT] [WOOLBATTLE DEBUG] Player: Jackolix clicked item: GOLD_BLOCK
[19:36:06] [Server thread/INFO]: [Woolbattle] [STDOUT] [DEBUG] Maps inventory detected!
[19:36:06] [Server thread/INFO]: [Woolbattle] Maps inventory clicked by Jackolix
[19:36:06] [Server thread/INFO]: [Woolbattle] [STDOUT] [DEBUG] Item type: GOLD_BLOCK
[19:36:06] [Server thread/INFO]: [Woolbattle] Item clicked: GOLD_BLOCK
[19:36:06] [Server thread/INFO]: [Woolbattle] 
[19:36:06] [Server thread/INFO]: [Woolbattle] -------- Map Voting Results --------
[19:36:06] [Server thread/INFO]: [Woolbattle] Game1: 1 votes
[19:36:06] [Server thread/INFO]: [Woolbattle] Winner: Game1.schem
[19:36:06] [Server thread/INFO]: [Woolbattle] 
[19:36:06] [Server thread/INFO]: [Woolbattle] Map selected: Game1.schem
[19:36:06] [Server thread/INFO]: [Woolbattle] Jackolix voted for map: Game1.schem
[19:36:06] [Server thread/INFO]: [Woolbattle] Loading maps menu for Jackolix - found 4 game schematics (lobby maps excluded)
[19:36:06] [Server thread/INFO]: [Woolbattle] Adding schematic to slot 0: Game1
[19:36:06] [Server thread/INFO]: [Woolbattle] Adding schematic to slot 1: microwave V1
[19:36:06] [Server thread/INFO]: [Woolbattle] Adding schematic to slot 2: Pillars V2
[19:36:06] [Server thread/INFO]: [Woolbattle] Adding schematic to slot 3: WB training
[19:36:07] [Server thread/INFO]: [Woolbattle] Das Spiel startet in 20 Sekunden.
[19:36:11] [Server thread/INFO]: Jackolix issued server command: /start
[19:36:17] [Server thread/INFO]: [Woolbattle] Das Spiel startet in 10 Sekunden.
[19:36:22] [Server thread/INFO]: [Woolbattle] Das Spiel startet in 5 Sekunden.
[19:36:23] [Server thread/INFO]: [Woolbattle] Das Spiel startet in 4 Sekunden.
[19:36:24] [Server thread/INFO]: [Woolbattle] Das Spiel startet in 3 Sekunden.
[19:36:25] [Server thread/INFO]: [Woolbattle] Das Spiel startet in 2 Sekunden.
[19:36:26] [Server thread/INFO]: [Woolbattle] Das Spiel startet in  einer Sekunde.
[19:36:27] [Server thread/INFO]: [Woolbattle] 
[19:36:27] [Server thread/INFO]: [Woolbattle] -------- Map Voting Results --------
[19:36:27] [Server thread/INFO]: [Woolbattle] Game1: 1 votes
[19:36:27] [Server thread/INFO]: [Woolbattle] Winner: Game1.schem
[19:36:27] [Server thread/INFO]: [Woolbattle] 
[19:36:27] [Server thread/INFO]: [Woolbattle] Map selected: Game1.schem
[19:36:27] [Server thread/INFO]: [Woolbattle] Loading schematic: Game1.schem at 0.0, 60.0, 0.0
[19:36:27] [Server thread/INFO]: [Woolbattle] Team spawns configured:
[19:36:27] [Server thread/INFO]: [Woolbattle]   - Red Team: 15.5, 54.0, -14.5
[19:36:27] [Server thread/INFO]: [Woolbattle]   - Blue Team: 61.5, 54.0, -14.5
[19:36:27] [Server thread/INFO]: [Woolbattle] [STDOUT] [Woolbattle] Loading map with config: Game1.schem
[19:36:28] [Server thread/INFO]: [Woolbattle] Safed all Woolblocks!
[19:36:28] [Server thread/INFO]: [Woolbattle] Game has started
[19:36:28] [Server thread/INFO]: [Woolbattle]  
[19:36:28] [Server thread/INFO]: [Woolbattle] ---------- Teams ----------
[19:36:28] [Server thread/INFO]: [Woolbattle] Checking teams...
[19:36:28] [Server thread/INFO]: [Woolbattle]  
[19:36:28] [Server thread/INFO]: [Woolbattle] Team Red: 0
[19:36:28] [Server thread/INFO]: [Woolbattle] Team Blue: 1
[19:36:28] [Server thread/INFO]: [Woolbattle] Team Green: 0
[19:36:28] [Server thread/INFO]: [Woolbattle] Team Yellow: 0
[19:36:28] [Server thread/INFO]: [Woolbattle] Teleporting teams to spawn locations...
[19:36:28] [Server thread/INFO]: [Woolbattle] Teleported Jackolix to Blue spawn
[19:36:28] [Server thread/INFO]: [Woolbattle] 
[19:36:28] [Server thread/INFO]: [Woolbattle] -------- Life Voting --------
[19:36:28] [Server thread/INFO]: [Woolbattle]  6: 1
[19:36:28] [Server thread/INFO]: [Woolbattle] 12: 0
[19:36:28] [Server thread/INFO]: [Woolbattle] 18: 0
[19:36:28] [Server thread/INFO]: [Woolbattle] 23: 0
[19:36:28] [Server thread/INFO]: [org.mongodb.driver.cluster] No server chosen by com.mongodb.reactivestreams.client.internal.ClientSessionHelper$$Lambda/0x00007feef5b6a7f8@45781d81 from cluster description ClusterDescription{type=UNKNOWN, connectionMode=SINGLE, serverDescriptions=[ServerDescription{address=localhost:27017, type=UNKNOWN, state=CONNECTING, exception={com.mongodb.MongoSocketOpenException: Exception opening socket}, caused by {java.net.ConnectException: Connection refused}}]}. Waiting for 30000 ms before timing out
[19:36:28] [cluster-68c065680e1f1b0176c0f1e3/INFO]: [org.mongodb.driver.cluster] No server chosen by ReadPreferenceServerSelector{readPreference=primary} from cluster description ClusterDescription{type=UNKNOWN, connectionMode=SINGLE, serverDescriptions=[ServerDescription{address=localhost:27017, type=UNKNOWN, state=CONNECTING, exception={com.mongodb.MongoSocketOpenException: Exception opening socket}, caused by {java.net.ConnectException: Connection refused}}]}. Waiting for 30000 ms before timing out
[19:36:35] [Server thread/INFO]: Jackolix issued server command: /visualizewool
[19:36:38] [Server thread/INFO]: [Woolbattle] Task added to Database
[19:36:38] [Server thread/INFO]: [Woolbattle] Task added to Database
[19:36:46] [Server thread/INFO]: Jackolix lost connection: Disconnected
[19:36:46] [Server thread/INFO]: Jackolix left the game
[19:36:58] [cluster-68c065680e1f1b0176c0f1e3/INFO]: [org.mongodb.driver.cluster] No server chosen by WritableServerSelector from cluster description ClusterDescription{type=UNKNOWN, connectionMode=SINGLE, serverDescriptions=[ServerDescription{address=localhost:27017, type=UNKNOWN, state=CONNECTING, exception={com.mongodb.MongoSocketOpenException: Exception opening socket}, caused by {java.net.ConnectException: Connection refused}}]}. Waiting for 30000 ms before timing out
[19:36:58] [cluster-68c065680e1f1b0176c0f1e3/INFO]: [Woolbattle] MongoDB ERROR: org.springframework.dao.DataAccessResourceFailureException: Timed out after 30000 ms while waiting for a server that matches ReadPreferenceServerSelector{readPreference=primary}. Client view of cluster state is {type=UNKNOWN, servers=[{address=localhost:27017, type=UNKNOWN, state=CONNECTING, exception={com.mongodb.MongoSocketOpenException: Exception opening socket}, caused by {java.net.ConnectException: Connection refused}}]
[19:37:28] [cluster-68c065680e1f1b0176c0f1e3/INFO]: [Woolbattle] MongoDB ERROR: Update Error: com.mongodb.MongoTimeoutException: Timed out after 30000 ms while waiting for a server that matches WritableServerSelector. Client view of cluster state is {type=UNKNOWN, servers=[{address=localhost:27017, type=UNKNOWN, state=CONNECTING, exception={com.mongodb.MongoSocketOpenException: Exception opening socket}, caused by {java.net.ConnectException: Connection refused}}]
